<?xml version="1.0" encoding="UTF-8"?>
<!-- Generated by org.testng.reporters.JUnitReportReporter -->
<testsuite hostname="LAPTOP-RKR33DQ9" failures="0" tests="1" name="tests.LoginTest" time="0.338" errors="0" timestamp="2025-07-25T20:56:50 IST" skipped="0">
  <testcase classname="tests.LoginTest" name="testLogin" time="0.338"/>
</testsuite> <!-- tests.LoginTest -->
